<?xml version="1.0"?><coverage lines-covered="140" lines-valid="167" line-rate="0.8383233532934131" branches-covered="0" branches-valid="0" branch-rate="0" complexity="0" version="1.9" timestamp="1767621328"><sources><source>/Users/rlemeill/Development/microtex_rs</source></sources><packages><package name="tests" line-rate="0" branch-rate="0" complexity="0"><classes></classes></package><package name="src" line-rate="0.8383233532934131" branch-rate="0" complexity="0"><classes><class name="lib" filename="src/lib.rs" line-rate="0.927007299270073" branch-rate="0" complexity="0"><methods/><lines><line number="33" hits="7"/><line number="34" hits="21"/><line number="37" hits="8"/><line number="38" hits="32"/><line number="40" hits="6"/><line number="41" hits="24"/><line number="43" hits="5"/><line number="44" hits="20"/><line number="46" hits="3"/><line number="47" hits="12"/><line number="48" hits="3"/><line number="49" hits="6"/><line number="50" hits="12"/><line number="53" hits="6"/><line number="54" hits="18"/><line number="56" hits="4"/><line number="57" hits="12"/><line number="59" hits="3"/><line number="60" hits="9"/><line number="66" hits="2"/><line number="67" hits="8"/><line number="68" hits="6"/><line number="77" hits="2"/><line number="78" hits="6"/><line number="82" hits="2"/><line number="83" hits="4"/><line number="87" hits="2"/><line number="88" hits="4"/><line number="92" hits="2"/><line number="93" hits="4"/><line number="97" hits="2"/><line number="107" hits="2"/><line number="108" hits="2"/><line number="109" hits="2"/><line number="110" hits="2"/><line number="111" hits="2"/><line number="112" hits="2"/><line number="113" hits="2"/><line number="119" hits="2"/><line number="120" hits="6"/><line number="124" hits="2"/><line number="125" hits="4"/><line number="129" hits="2"/><line number="130" hits="4"/><line number="134" hits="2"/><line number="135" hits="2"/><line number="237" hits="7"/><line number="238" hits="14"/><line number="241" hits="5"/><line number="242" hits="10"/><line number="245" hits="4"/><line number="246" hits="8"/><line number="249" hits="0"/><line number="250" hits="0"/><line number="253" hits="2"/><line number="254" hits="4"/><line number="258" hits="6"/><line number="259" hits="6"/><line number="264" hits="6"/><line number="265" hits="18"/><line number="268" hits="5"/><line number="269" hits="10"/><line number="272" hits="5"/><line number="273" hits="10"/><line number="276" hits="5"/><line number="277" hits="10"/><line number="280" hits="4"/><line number="290" hits="4"/><line number="291" hits="4"/><line number="292" hits="4"/><line number="293" hits="4"/><line number="294" hits="4"/><line number="295" hits="4"/><line number="296" hits="4"/><line number="300" hits="3"/><line number="301" hits="9"/><line number="304" hits="2"/><line number="305" hits="4"/><line number="308" hits="1"/><line number="309" hits="2"/><line number="312" hits="5"/><line number="313" hits="5"/><line number="401" hits="10"/><line number="405" hits="10"/><line number="469" hits="8"/><line number="474" hits="16"/><line number="475" hits="8"/><line number="476" hits="16"/><line number="477" hits="8"/><line number="478" hits="8"/><line number="481" hits="16"/><line number="482" hits="16"/><line number="483" hits="16"/><line number="484" hits="8"/><line number="485" hits="8"/><line number="489" hits="24"/><line number="490" hits="0"/><line number="491" hits="0"/><line number="492" hits="0"/><line number="494" hits="0"/><line number="500" hits="40"/><line number="501" hits="16"/><line number="502" hits="2"/><line number="503" hits="1"/><line number="507" hits="21"/><line number="510" hits="14"/><line number="511" hits="7"/><line number="514" hits="14"/><line number="517" hits="7"/><line number="551" hits="6"/><line number="552" hits="18"/><line number="553" hits="6"/><line number="557" hits="6"/><line number="558" hits="6"/><line number="559" hits="6"/><line number="560" hits="6"/><line number="561" hits="6"/><line number="562" hits="6"/><line number="563" hits="6"/><line number="566" hits="12"/><line number="567" hits="1"/><line number="570" hits="10"/><line number="571" hits="20"/><line number="573" hits="14"/><line number="574" hits="2"/><line number="575" hits="1"/><line number="579" hits="16"/><line number="580" hits="16"/><line number="583" hits="6"/><line number="584" hits="6"/><line number="586" hits="3"/><line number="592" hits="7"/><line number="594" hits="7"/><line number="600" hits="0"/><line number="601" hits="0"/><line number="606" hits="0"/><line number="607" hits="0"/></lines></class></classes></package><package name="src/bin" line-rate="0.43333333333333335" branch-rate="0" complexity="0"><classes><class name="microtex" filename="src/bin/microtex.rs" line-rate="0.43333333333333335" branch-rate="0" complexity="0"><methods/><lines><line number="46" hits="4"/><line number="47" hits="12"/><line number="48" hits="14"/><line number="52" hits="1"/><line number="54" hits="3"/><line number="57" hits="2"/><line number="61" hits="2"/><line number="62" hits="2"/><line number="63" hits="2"/><line number="65" hits="1"/><line number="70" hits="5"/><line number="73" hits="1"/><line number="75" hits="1"/><line number="77" hits="0"/><line number="78" hits="0"/><line number="80" hits="0"/><line number="82" hits="0"/><line number="83" hits="0"/><line number="87" hits="0"/><line number="88" hits="0"/><line number="89" hits="0"/><line number="93" hits="0"/><line number="95" hits="0"/><line number="97" hits="0"/><line number="99" hits="0"/><line number="101" hits="0"/><line number="102" hits="0"/><line number="103" hits="0"/><line number="104" hits="0"/><line number="107" hits="0"/></lines></class></classes></package><package name="tmp" line-rate="0" branch-rate="0" complexity="0"><classes></classes></package><package name="" line-rate="0.8383233532934131" branch-rate="0" complexity="0"><classes></classes></package><package name="examples" line-rate="0" branch-rate="0" complexity="0"><classes></classes></package></packages></coverage>